# JRE version: Java(TM) SE Runtime Environment (8.0_141-b15) (build 1.8.0_141-b15)
# Java VM: Java HotSpot(TM) 64-Bit Server VM (25.141-b15 mixed mode windows-amd64 compressed oops)
Heap:
 PSYoungGen      total 104448K, used 13751K [0x00000000f0000000, 0x00000000f6c80000, 0x0000000100000000)
  eden space 97792K, 14% used [0x00000000f0000000,0x00000000f0d6df90,0x00000000f5f80000)
  from space 6656K, 0% used [0x00000000f5f80000,0x00000000f5f80000,0x00000000f6600000)
  to   space 6656K, 0% used [0x00000000f6600000,0x00000000f6600000,0x00000000f6c80000)
 ParOldGen       total 25600K, used 9083K [0x00000000d0000000, 0x00000000d1900000, 0x00000000f0000000)
  object space 25600K, 35% used [0x00000000d0000000,0x00000000d08ded28,0x00000000d1900000)
 Metaspace       used 36333K, capacity 37841K, committed 38144K, reserved 1083392K
  class space    used 4835K, capacity 4996K, committed 5120K, reserved 1048576K
GC Heap History (10 events):
Event: 46.156 GC heap before
{Heap before GC invocations=13 (full 1):
 PSYoungGen      total 44032K, used 38400K [0x00000000f0000000, 0x00000000f4700000, 0x0000000100000000)
  eden space 38400K, 100% used [0x00000000f0000000,0x00000000f2580000,0x00000000f2580000)
  from space 5632K, 0% used [0x00000000f2580000,0x00000000f2580000,0x00000000f2b00000)
  to   space 5632K, 0% used [0x00000000f4180000,0x00000000f4180000,0x00000000f4700000)
 ParOldGen       total 23040K, used 7418K [0x00000000d0000000, 0x00000000d1680000, 0x00000000f0000000)
  object space 23040K, 32% used [0x00000000d0000000,0x00000000d073ea48,0x00000000d1680000)
 Metaspace       used 22960K, capacity 23700K, committed 23808K, reserved 1069056K
  class space    used 3173K, capacity 3275K, committed 3328K, reserved 1048576K
Event: 46.167 GC heap after
Heap after GC invocations=13 (full 1):
 PSYoungGen      total 66048K, used 2395K [0x00000000f0000000, 0x00000000f4600000, 0x0000000100000000)
  eden space 61440K, 0% used [0x00000000f0000000,0x00000000f0000000,0x00000000f3c00000)
  from space 4608K, 51% used [0x00000000f4180000,0x00000000f43d6f68,0x00000000f4600000)
  to   space 5120K, 0% used [0x00000000f3c00000,0x00000000f3c00000,0x00000000f4100000)
 ParOldGen       total 23040K, used 7418K [0x00000000d0000000, 0x00000000d1680000, 0x00000000f0000000)
  object space 23040K, 32% used [0x00000000d0000000,0x00000000d073ea48,0x00000000d1680000)
 Metaspace       used 22960K, capacity 23700K, committed 23808K, reserved 1069056K
  class space    used 3173K, capacity 3275K, committed 3328K, reserved 1048576K
}
Event: 59.401 GC heap before
{Heap before GC invocations=14 (full 1):
 PSYoungGen      total 66048K, used 63835K [0x00000000f0000000, 0x00000000f4600000, 0x0000000100000000)
  eden space 61440K, 100% used [0x00000000f0000000,0x00000000f3c00000,0x00000000f3c00000)
  from space 4608K, 51% used [0x00000000f4180000,0x00000000f43d6f68,0x00000000f4600000)
  to   space 5120K, 0% used [0x00000000f3c00000,0x00000000f3c00000,0x00000000f4100000)
 ParOldGen       total 23040K, used 7418K [0x00000000d0000000, 0x00000000d1680000, 0x00000000f0000000)
  object space 23040K, 32% used [0x00000000d0000000,0x00000000d073ea48,0x00000000d1680000)
 Metaspace       used 29897K, capacity 30728K, committed 30848K, reserved 1075200K
  class space    used 4006K, capacity 4147K, committed 4224K, reserved 1048576K
Event: 59.418 GC heap after
Heap after GC invocations=14 (full 1):
 PSYoungGen      total 66560K, used 5099K [0x00000000f0000000, 0x00000000f6c80000, 0x0000000100000000)
  eden space 61440K, 0% used [0x00000000f0000000,0x00000000f0000000,0x00000000f3c00000)
  from space 5120K, 99% used [0x00000000f3c00000,0x00000000f40fad30,0x00000000f4100000)
  to   space 6656K, 0% used [0x00000000f6600000,0x00000000f6600000,0x00000000f6c80000)
 ParOldGen       total 23040K, used 9655K [0x00000000d0000000, 0x00000000d1680000, 0x00000000f0000000)
  object space 23040K, 41% used [0x00000000d0000000,0x00000000d096dc00,0x00000000d1680000)
 Metaspace       used 29897K, capacity 30728K, committed 30848K, reserved 1075200K
  class space    used 4006K, capacity 4147K, committed 4224K, reserved 1048576K
}
Event: 66.730 GC heap before
{Heap before GC invocations=15 (full 1):
 PSYoungGen      total 66560K, used 66539K [0x00000000f0000000, 0x00000000f6c80000, 0x0000000100000000)
  eden space 61440K, 100% used [0x00000000f0000000,0x00000000f3c00000,0x00000000f3c00000)
  from space 5120K, 99% used [0x00000000f3c00000,0x00000000f40fad30,0x00000000f4100000)
  to   space 6656K, 0% used [0x00000000f6600000,0x00000000f6600000,0x00000000f6c80000)
 ParOldGen       total 23040K, used 9655K [0x00000000d0000000, 0x00000000d1680000, 0x00000000f0000000)
  object space 23040K, 41% used [0x00000000d0000000,0x00000000d096dc00,0x00000000d1680000)
 Metaspace       used 33440K, capacity 34538K, committed 34816K, reserved 1079296K
  class space    used 4375K, capacity 4499K, committed 4608K, reserved 1048576K
Event: 66.756 GC heap after
Heap after GC invocations=15 (full 1):
 PSYoungGen      total 104448K, used 4257K [0x00000000f0000000, 0x00000000f6c80000, 0x0000000100000000)
  eden space 97792K, 0% used [0x00000000f0000000,0x00000000f0000000,0x00000000f5f80000)
  from space 6656K, 63% used [0x00000000f6600000,0x00000000f6a28758,0x00000000f6c80000)
  to   space 6656K, 0% used [0x00000000f5f80000,0x00000000f5f80000,0x00000000f6600000)
 ParOldGen       total 23040K, used 10678K [0x00000000d0000000, 0x00000000d1680000, 0x00000000f0000000)
  object space 23040K, 46% used [0x00000000d0000000,0x00000000d0a6d908,0x00000000d1680000)
 Metaspace       used 33440K, capacity 34538K, committed 34816K, reserved 1079296K
  class space    used 4375K, capacity 4499K, committed 4608K, reserved 1048576K
}
Event: 68.243 GC heap before
{Heap before GC invocations=16 (full 1):
 PSYoungGen      total 104448K, used 9121K [0x00000000f0000000, 0x00000000f6c80000, 0x0000000100000000)
  eden space 97792K, 4% used [0x00000000f0000000,0x00000000f04bfcf0,0x00000000f5f80000)
  from space 6656K, 63% used [0x00000000f6600000,0x00000000f6a28758,0x00000000f6c80000)
  to   space 6656K, 0% used [0x00000000f5f80000,0x00000000f5f80000,0x00000000f6600000)
 ParOldGen       total 23040K, used 10678K [0x00000000d0000000, 0x00000000d1680000, 0x00000000f0000000)
  object space 23040K, 46% used [0x00000000d0000000,0x00000000d0a6d908,0x00000000d1680000)
 Metaspace       used 34242K, capacity 35357K, committed 35416K, reserved 1081344K
  class space    used 4474K, capacity 4608K, committed 4608K, reserved 1048576K
Event: 68.250 GC heap after
Heap after GC invocations=16 (full 1):
 PSYoungGen      total 104448K, used 756K [0x00000000f0000000, 0x00000000f6c80000, 0x0000000100000000)
  eden space 97792K, 0% used [0x00000000f0000000,0x00000000f0000000,0x00000000f5f80000)
  from space 6656K, 11% used [0x00000000f5f80000,0x00000000f603d060,0x00000000f6600000)
  to   space 6656K, 0% used [0x00000000f6600000,0x00000000f6600000,0x00000000f6c80000)
 ParOldGen       total 23040K, used 12025K [0x00000000d0000000, 0x00000000d1680000, 0x00000000f0000000)
  object space 23040K, 52% used [0x00000000d0000000,0x00000000d0bbe440,0x00000000d1680000)
 Metaspace       used 34242K, capacity 35357K, committed 35416K, reserved 1081344K
  class space    used 4474K, capacity 4608K, committed 4608K, reserved 1048576K
}
Event: 68.250 GC heap before
{Heap before GC invocations=17 (full 2):
 PSYoungGen      total 104448K, used 756K [0x00000000f0000000, 0x00000000f6c80000, 0x0000000100000000)
  eden space 97792K, 0% used [0x00000000f0000000,0x00000000f0000000,0x00000000f5f80000)
  from space 6656K, 11% used [0x00000000f5f80000,0x00000000f603d060,0x00000000f6600000)
  to   space 6656K, 0% used [0x00000000f6600000,0x00000000f6600000,0x00000000f6c80000)
 ParOldGen       total 23040K, used 12025K [0x00000000d0000000, 0x00000000d1680000, 0x00000000f0000000)
  object space 23040K, 52% used [0x00000000d0000000,0x00000000d0bbe440,0x00000000d1680000)
 Metaspace       used 34242K, capacity 35357K, committed 35416K, reserved 1081344K
  class space    used 4474K, capacity 4608K, committed 4608K, reserved 1048576K
Event: 68.306 GC heap after
Heap after GC invocations=17 (full 2):
 PSYoungGen      total 104448K, used 0K [0x00000000f0000000, 0x00000000f6c80000, 0x0000000100000000)
  eden space 97792K, 0% used [0x00000000f0000000,0x00000000f0000000,0x00000000f5f80000)
  from space 6656K, 0% used [0x00000000f5f80000,0x00000000f5f80000,0x00000000f6600000)
  to   space 6656K, 0% used [0x00000000f6600000,0x00000000f6600000,0x00000000f6c80000)
 ParOldGen       total 25600K, used 9083K [0x00000000d0000000, 0x00000000d1900000, 0x00000000f0000000)
  object space 25600K, 35% used [0x00000000d0000000,0x00000000d08ded28,0x00000000d1900000)
 Metaspace       used 34242K, capacity 35357K, committed 35416K, reserved 1081344K
  class space    used 4474K, capacity 4608K, committed 4608K, reserved 1048576K
}

