# JRE version: Java(TM) SE Runtime Environment (8.0_141-b15) (build 1.8.0_141-b15)
# Java VM: Java HotSpot(TM) 64-Bit Server VM (25.141-b15 mixed mode windows-amd64 compressed oops)
Heap:
 PSYoungGen      total 140288K, used 6502K [0x00000000f5580000, 0x00000000fef80000, 0x0000000100000000)
  eden space 125952K, 4% used [0x00000000f5580000,0x00000000f5b41a60,0x00000000fd080000)
  from space 14336K, 4% used [0x00000000fe180000,0x00000000fe218080,0x00000000fef80000)
  to   space 15872K, 0% used [0x00000000fd080000,0x00000000fd080000,0x00000000fe000000)
 ParOldGen       total 104960K, used 79970K [0x00000000e0000000, 0x00000000e6680000, 0x00000000f5580000)
  object space 104960K, 76% used [0x00000000e0000000,0x00000000e4e18918,0x00000000e6680000)
 Metaspace       used 200850K, capacity 212734K, committed 212864K, reserved 1230848K
  class space    used 30889K, capacity 31840K, committed 31872K, reserved 1048576K
GC Heap History (10 events):
Event: 75345.744 GC heap before
{Heap before GC invocations=118 (full 32):
 PSYoungGen      total 144896K, used 124520K [0x00000000f5580000, 0x00000000ff800000, 0x0000000100000000)
  eden space 122880K, 100% used [0x00000000f5580000,0x00000000fcd80000,0x00000000fcd80000)
  from space 22016K, 7% used [0x00000000fcd80000,0x00000000fcf1a0b0,0x00000000fe300000)
  to   space 20992K, 0% used [0x00000000fe380000,0x00000000fe380000,0x00000000ff800000)
 ParOldGen       total 104960K, used 78829K [0x00000000e0000000, 0x00000000e6680000, 0x00000000f5580000)
  object space 104960K, 75% used [0x00000000e0000000,0x00000000e4cfb768,0x00000000e6680000)
 Metaspace       used 200791K, capacity 212670K, committed 212864K, reserved 1230848K
  class space    used 30888K, capacity 31840K, committed 31872K, reserved 1048576K
Event: 75345.766 GC heap after
Heap after GC invocations=118 (full 32):
 PSYoungGen      total 142336K, used 1704K [0x00000000f5580000, 0x00000000ff500000, 0x0000000100000000)
  eden space 124416K, 0% used [0x00000000f5580000,0x00000000f5580000,0x00000000fcf00000)
  from space 17920K, 9% used [0x00000000fe380000,0x00000000fe52a0b0,0x00000000ff500000)
  to   space 19456K, 0% used [0x00000000fcf00000,0x00000000fcf00000,0x00000000fe200000)
 ParOldGen       total 104960K, used 78837K [0x00000000e0000000, 0x00000000e6680000, 0x00000000f5580000)
  object space 104960K, 75% used [0x00000000e0000000,0x00000000e4cfd768,0x00000000e6680000)
 Metaspace       used 200791K, capacity 212670K, committed 212864K, reserved 1230848K
  class space    used 30888K, capacity 31840K, committed 31872K, reserved 1048576K
}
Event: 75926.601 GC heap before
{Heap before GC invocations=119 (full 32):
 PSYoungGen      total 142336K, used 126120K [0x00000000f5580000, 0x00000000ff500000, 0x0000000100000000)
  eden space 124416K, 100% used [0x00000000f5580000,0x00000000fcf00000,0x00000000fcf00000)
  from space 17920K, 9% used [0x00000000fe380000,0x00000000fe52a0b0,0x00000000ff500000)
  to   space 19456K, 0% used [0x00000000fcf00000,0x00000000fcf00000,0x00000000fe200000)
 ParOldGen       total 104960K, used 78837K [0x00000000e0000000, 0x00000000e6680000, 0x00000000f5580000)
  object space 104960K, 75% used [0x00000000e0000000,0x00000000e4cfd768,0x00000000e6680000)
 Metaspace       used 200793K, capacity 212670K, committed 212864K, reserved 1230848K
  class space    used 30888K, capacity 31840K, committed 31872K, reserved 1048576K
Event: 75927.316 GC heap after
Heap after GC invocations=119 (full 32):
 PSYoungGen      total 143872K, used 1672K [0x00000000f5580000, 0x00000000ff400000, 0x0000000100000000)
  eden space 124416K, 0% used [0x00000000f5580000,0x00000000f5580000,0x00000000fcf00000)
  from space 19456K, 8% used [0x00000000fcf00000,0x00000000fd0a20b0,0x00000000fe200000)
  to   space 18432K, 0% used [0x00000000fe200000,0x00000000fe200000,0x00000000ff400000)
 ParOldGen       total 104960K, used 78837K [0x00000000e0000000, 0x00000000e6680000, 0x00000000f5580000)
  object space 104960K, 75% used [0x00000000e0000000,0x00000000e4cfd768,0x00000000e6680000)
 Metaspace       used 200793K, capacity 212670K, committed 212864K, reserved 1230848K
  class space    used 30888K, capacity 31840K, committed 31872K, reserved 1048576K
}
Event: 77362.989 GC heap before
{Heap before GC invocations=120 (full 32):
 PSYoungGen      total 143872K, used 126088K [0x00000000f5580000, 0x00000000ff400000, 0x0000000100000000)
  eden space 124416K, 100% used [0x00000000f5580000,0x00000000fcf00000,0x00000000fcf00000)
  from space 19456K, 8% used [0x00000000fcf00000,0x00000000fd0a20b0,0x00000000fe200000)
  to   space 18432K, 0% used [0x00000000fe200000,0x00000000fe200000,0x00000000ff400000)
 ParOldGen       total 104960K, used 78837K [0x00000000e0000000, 0x00000000e6680000, 0x00000000f5580000)
  object space 104960K, 75% used [0x00000000e0000000,0x00000000e4cfd768,0x00000000e6680000)
 Metaspace       used 200821K, capacity 212734K, committed 212864K, reserved 1230848K
  class space    used 30888K, capacity 31840K, committed 31872K, reserved 1048576K
Event: 77363.027 GC heap after
Heap after GC invocations=120 (full 32):
 PSYoungGen      total 142848K, used 384K [0x00000000f5580000, 0x00000000ff300000, 0x0000000100000000)
  eden space 125440K, 0% used [0x00000000f5580000,0x00000000f5580000,0x00000000fd000000)
  from space 17408K, 2% used [0x00000000fe200000,0x00000000fe260020,0x00000000ff300000)
  to   space 17920K, 0% used [0x00000000fd000000,0x00000000fd000000,0x00000000fe180000)
 ParOldGen       total 104960K, used 79834K [0x00000000e0000000, 0x00000000e6680000, 0x00000000f5580000)
  object space 104960K, 76% used [0x00000000e0000000,0x00000000e4df6908,0x00000000e6680000)
 Metaspace       used 200821K, capacity 212734K, committed 212864K, reserved 1230848K
  class space    used 30888K, capacity 31840K, committed 31872K, reserved 1048576K
}
Event: 78616.146 GC heap before
{Heap before GC invocations=121 (full 32):
 PSYoungGen      total 142848K, used 125824K [0x00000000f5580000, 0x00000000ff300000, 0x0000000100000000)
  eden space 125440K, 100% used [0x00000000f5580000,0x00000000fd000000,0x00000000fd000000)
  from space 17408K, 2% used [0x00000000fe200000,0x00000000fe260020,0x00000000ff300000)
  to   space 17920K, 0% used [0x00000000fd000000,0x00000000fd000000,0x00000000fe180000)
 ParOldGen       total 104960K, used 79834K [0x00000000e0000000, 0x00000000e6680000, 0x00000000f5580000)
  object space 104960K, 76% used [0x00000000e0000000,0x00000000e4df6908,0x00000000e6680000)
 Metaspace       used 200844K, capacity 212734K, committed 212864K, reserved 1230848K
  class space    used 30888K, capacity 31840K, committed 31872K, reserved 1048576K
Event: 78616.172 GC heap after
Heap after GC invocations=121 (full 32):
 PSYoungGen      total 143360K, used 608K [0x00000000f5580000, 0x00000000ff200000, 0x0000000100000000)
  eden space 125440K, 0% used [0x00000000f5580000,0x00000000f5580000,0x00000000fd000000)
  from space 17920K, 3% used [0x00000000fd000000,0x00000000fd098080,0x00000000fe180000)
  to   space 16896K, 0% used [0x00000000fe180000,0x00000000fe180000,0x00000000ff200000)
 ParOldGen       total 104960K, used 79946K [0x00000000e0000000, 0x00000000e6680000, 0x00000000f5580000)
  object space 104960K, 76% used [0x00000000e0000000,0x00000000e4e12918,0x00000000e6680000)
 Metaspace       used 200844K, capacity 212734K, committed 212864K, reserved 1230848K
  class space    used 30888K, capacity 31840K, committed 31872K, reserved 1048576K
}
Event: 79875.898 GC heap before
{Heap before GC invocations=122 (full 32):
 PSYoungGen      total 143360K, used 126048K [0x00000000f5580000, 0x00000000ff200000, 0x0000000100000000)
  eden space 125440K, 100% used [0x00000000f5580000,0x00000000fd000000,0x00000000fd000000)
  from space 17920K, 3% used [0x00000000fd000000,0x00000000fd098080,0x00000000fe180000)
  to   space 16896K, 0% used [0x00000000fe180000,0x00000000fe180000,0x00000000ff200000)
 ParOldGen       total 104960K, used 79946K [0x00000000e0000000, 0x00000000e6680000, 0x00000000f5580000)
  object space 104960K, 76% used [0x00000000e0000000,0x00000000e4e12918,0x00000000e6680000)
 Metaspace       used 200850K, capacity 212734K, committed 212864K, reserved 1230848K
  class space    used 30889K, capacity 31840K, committed 31872K, reserved 1048576K
Event: 79875.917 GC heap after
Heap after GC invocations=122 (full 32):
 PSYoungGen      total 140288K, used 608K [0x00000000f5580000, 0x00000000fef80000, 0x0000000100000000)
  eden space 125952K, 0% used [0x00000000f5580000,0x00000000f5580000,0x00000000fd080000)
  from space 14336K, 4% used [0x00000000fe180000,0x00000000fe218080,0x00000000fef80000)
  to   space 15872K, 0% used [0x00000000fd080000,0x00000000fd080000,0x00000000fe000000)
 ParOldGen       total 104960K, used 79970K [0x00000000e0000000, 0x00000000e6680000, 0x00000000f5580000)
  object space 104960K, 76% used [0x00000000e0000000,0x00000000e4e18918,0x00000000e6680000)
 Metaspace       used 200850K, capacity 212734K, committed 212864K, reserved 1230848K
  class space    used 30889K, capacity 31840K, committed 31872K, reserved 1048576K
}

